<?xml version="1.0" encoding="UTF-8"?>
<!-- Generated by org.testng.reporters.JUnitReportReporter -->
<testsuite hostname="DESKTOP-RSKECIT" failures="0" tests="1" name="scripts.Imdb" time="49.347" errors="0" timestamp="2023-02-25T13:01:28 IST" skipped="0">
  <testcase classname="scripts.Imdb" name="wikipedia" time="49.347"/>
  <system-out/>
</testsuite> <!-- scripts.Imdb -->
